<?xml version="1.0" encoding="UTF-8"?>
<!-- Generated by org.testng.reporters.JUnitReportReporter -->
<testsuite hostname="TCD64" name="selenium1.NewTest1" tests="2" failures="0" timestamp="18 Sep 2018 09:57:46 GMT" time="24.209" errors="0">
  <testcase name="verifyUserName" time="5.654" classname="selenium1.NewTest1"/>
  <testcase name="testLogin" time="18.555" classname="selenium1.NewTest1"/>
</testsuite> <!-- selenium1.NewTest1 -->
