<?xml version="1.0" encoding="UTF-8"?>
<!-- Generated by org.testng.reporters.JUnitReportReporter -->
<testsuite hostname="TCD64" name="selenium.selenium.NewTest" tests="5" failures="0" timestamp="19 Sep 2018 06:07:57 GMT" time="76.808" errors="0">
  <testcase name="profieName" time="28.643" classname="selenium.selenium.NewTest"/>
  <testcase name="test_Login" time="12.850" classname="selenium.selenium.NewTest"/>
  <testcase name="erifyForgot_Password" time="24.267" classname="selenium.selenium.NewTest"/>
  <testcase name="testUrl" time="10.939" classname="selenium.selenium.NewTest"/>
  <testcase name="checkFields" time="0.109" classname="selenium.selenium.NewTest"/>
</testsuite> <!-- selenium.selenium.NewTest -->
