<?xml version="1.0" encoding="UTF-8"?>
<!-- Generated by org.testng.reporters.JUnitReportReporter -->
<testsuite hostname="TCD64" name="selenium2.NewTest2" tests="1" failures="0" timestamp="19 Sep 2018 06:07:57 GMT" time="53.073" errors="0">
  <testcase name="Dashboard" time="53.073" classname="selenium2.NewTest2"/>
</testsuite> <!-- selenium2.NewTest2 -->
