<?xml version="1.0" encoding="UTF-8"?>
<!-- Generated by org.testng.reporters.JUnitReportReporter -->
<testsuite hostname="TCD64" name="selenium.selenium.NewTest" tests="5" failures="0" timestamp="18 Sep 2018 09:57:46 GMT" time="76.604" errors="0">
  <testcase name="testUrl" time="10.793" classname="selenium.selenium.NewTest"/>
  <testcase name="test_Login" time="12.927" classname="selenium.selenium.NewTest"/>
  <testcase name="profieName" time="28.752" classname="selenium.selenium.NewTest"/>
  <testcase name="checkFields" time="0.047" classname="selenium.selenium.NewTest"/>
  <testcase name="erifyForgot_Password" time="24.085" classname="selenium.selenium.NewTest"/>
</testsuite> <!-- selenium.selenium.NewTest -->
